<?xml version="1.0" encoding="UTF-8"?>
<!-- Generated by org.testng.reporters.JUnitReportReporter -->
<testsuite hostname="DESKTOP-HPSJ0DS" failures="0" tests="1" name="user.Userflow" time="0.017" errors="0" timestamp="2025-04-02T14:35:19 IST" skipped="0">
  <testcase classname="user.Userflow" name="sampleTestMethod" time="0.017"/>
  <system-out/>
</testsuite> <!-- user.Userflow -->
